C51 COMPILER V9.00   HOOK                                                                  05/12/2015 20:18:27 PAGE 1   


C51 COMPILER V9.00, COMPILATION OF MODULE HOOK
OBJECT MODULE PLACED IN .\mess\Hook.obj
COMPILER INVOKED BY: D:\software install\NEW\keil 4\C51\BIN\C51.EXE ..\ZOS-I\source\src\Hook.c BROWSE INCDIR(..\user;..\
                    -ZOS-I\source\inc;..\ZOS-I\source\CPU) DEBUG OBJECTEXTEND PRINT(.\Hook.lst) OBJECT(.\mess\Hook.obj)

line level    source

   1          /*$T indentinput.cpp GC 1.140 02/27/15 15:25:17 */
   2          
   3          
   4          /*$6
   5           +++++++++++++++++++++++++++++++++++++++++++++++++++++++++++++++++++++++++++++++++++++++++++++++++++++++++
             -++++++++++++++
   6           +++++++++++++++++++++++++++++++++++++++++++++++++++++++++++++++++++++++++++++++++++++++++++++++++++++++++
             -++++++++++++++
   7           */
   8          
   9          
  10          #include <OS.h>
  11          
  12          /*
  13           =========================================================================================================
             -==============
  14              滴答任务钩子函数
  15           =========================================================================================================
             -==============
  16           */
  17          void TickTask_HOOK(void)
  18          {
  19   1              ;
  20   1      }
  21          
  22          /*
  23           =========================================================================================================
             -==============
  24              任务创建钩子函数
  25           =========================================================================================================
             -==============
  26           */
  27          void TaskCreate_HOOK(void)
  28          {
  29   1              ;
  30   1      }
  31          
  32          /*
  33           =========================================================================================================
             -==============
  34              任务切换钩子函数
  35           =========================================================================================================
             -==============
  36           */
  37          void TaskSwitch_HOOK(void)
  38          {
  39   1              ;
  40   1      }
  41          
  42          /*
  43           =========================================================================================================
             -==============
  44              堆栈警告钩子函数(TaskPrio:任务优先级号
  45              CurStackLeft:当前堆栈剩余量)
C51 COMPILER V9.00   HOOK                                                                  05/12/2015 20:18:27 PAGE 2   

  46           =========================================================================================================
             -==============
  47           */
  48          void StackCheckWarning(OS_CPU_UCHAR TaskPrio, OS_CPU_UCHAR CurStackLeft)
  49          {
  50   1              TaskPrio = TaskPrio;
  51   1              CurStackLeft = CurStackLeft;
  52   1      }


MODULE INFORMATION:   STATIC OVERLAYABLE
   CODE SIZE        =      4    ----
   CONSTANT SIZE    =   ----    ----
   XDATA SIZE       =   ----    ----
   PDATA SIZE       =   ----    ----
   DATA SIZE        =   ----    ----
   IDATA SIZE       =   ----    ----
   BIT SIZE         =   ----    ----
END OF MODULE INFORMATION.


C51 COMPILATION COMPLETE.  0 WARNING(S),  0 ERROR(S)
