C51 COMPILER V9.00   INT                                                                   05/12/2015 20:18:26 PAGE 1   


C51 COMPILER V9.00, COMPILATION OF MODULE INT
OBJECT MODULE PLACED IN .\mess\Int.obj
COMPILER INVOKED BY: D:\software install\NEW\keil 4\C51\BIN\C51.EXE ..\ZOS-I\source\src\Int.c BROWSE INCDIR(..\user;..\Z
                    -OS-I\source\inc;..\ZOS-I\source\CPU) DEBUG OBJECTEXTEND PRINT(.\Int.lst) OBJECT(.\mess\Int.obj)

line level    source

   1          #include <OS.h>
   2          
   3          extern OS_X_MUTEX               OS_X_Mutex_1;
   4          
   5          void Timer_1_Int (void)
   6          {
   7   1              static OS_CPU_XUCHAR Counter = 0;
   8   1              TL1 = 0xF0;             /* 设置定时初值 */
   9   1              TH1 = 0xD8;             /* 设置定时初值 */
  10   1              Counter++;
  11   1              if(Counter % 50 == 0)
  12   1              {
  13   2                      Counter = 0;
  14   2      //              OS_ReleaseMutex_INT(&OS_X_Mutex_1);
  15   2              }
  16   1      }
  17          void Extern_0_Int (void)
  18          {
  19   1              ;
  20   1      }
  21          void Extern_1_Int (void)
  22          {
  23   1              ;
  24   1      }
  25          void Serial_Int (void)
  26          {
  27   1              ;
  28   1      }


MODULE INFORMATION:   STATIC OVERLAYABLE
   CODE SIZE        =     26    ----
   CONSTANT SIZE    =   ----    ----
   XDATA SIZE       =      1    ----
   PDATA SIZE       =   ----    ----
   DATA SIZE        =   ----    ----
   IDATA SIZE       =   ----    ----
   BIT SIZE         =   ----    ----
END OF MODULE INFORMATION.


C51 COMPILATION COMPLETE.  0 WARNING(S),  0 ERROR(S)
